<?xml version="1.0" encoding="UTF-8"?>
<testng-results ignored="0" total="1" passed="1" failed="0" skipped="0">
  <reporter-output>
  </reporter-output>
  <suite started-at="2023-03-08T11:43:49 IST" name="Default suite" finished-at="2023-03-08T11:43:54 IST" duration-ms="4999">
    <groups>
    </groups>
    <test started-at="2023-03-08T11:43:49 IST" name="Default test" finished-at="2023-03-08T11:43:54 IST" duration-ms="4999">
      <class name="basics.FirstTestNG">
        <test-method signature="testMyContactForm()[pri:0, instance:basics.FirstTestNG@4466af20]" started-at="2023-03-08T11:43:50 IST" name="testMyContactForm" finished-at="2023-03-08T11:43:54 IST" duration-ms="4936" status="PASS">
          <reporter-output>
          </reporter-output>
        </test-method> <!-- testMyContactForm -->
      </class> <!-- basics.FirstTestNG -->
    </test> <!-- Default test -->
  </suite> <!-- Default suite -->
</testng-results>
